<?xml version="1.0" encoding="UTF-8"?>
<testng-results ignored="0" total="1" passed="1" failed="0" skipped="0">
  <reporter-output>
  </reporter-output>
  <suite started-at="2024-02-27T14:07:47 IST" name="Default suite" finished-at="2024-02-27T14:08:00 IST" duration-ms="13170">
    <groups>
    </groups>
    <test started-at="2024-02-27T14:07:47 IST" name="Default test" finished-at="2024-02-27T14:08:00 IST" duration-ms="13170">
      <class name="DataDriven.WriteToExcel">
        <test-method signature="fblogin()[pri:0, instance:DataDriven.WriteToExcel@f0da945]" started-at="2024-02-27T14:07:47 IST" name="fblogin" finished-at="2024-02-27T14:08:00 IST" duration-ms="13073" status="PASS">
          <reporter-output>
          </reporter-output>
        </test-method> <!-- fblogin -->
      </class> <!-- DataDriven.WriteToExcel -->
    </test> <!-- Default test -->
  </suite> <!-- Default suite -->
</testng-results>
